c:\users\администратор\desktop\бос\bos4\bos4\debug\bos4.pch
c:\users\администратор\desktop\бос\bos4\bos4\debug\vc141.pdb
c:\users\администратор\desktop\бос\bos4\bos4\debug\vc141.idb
c:\users\администратор\desktop\бос\bos4\bos4\debug\pch.obj
c:\users\администратор\desktop\бос\bos4\bos4\debug\bos4.obj
c:\users\artyr\onedrive\desktop\bos\bos4\bos4\debug\bos4.pch
c:\users\artyr\onedrive\desktop\bos\bos4\bos4\debug\vc142.pdb
c:\users\artyr\onedrive\desktop\bos\bos4\bos4\debug\vc142.idb
c:\users\artyr\onedrive\desktop\bos\bos4\bos4\debug\pch.obj
c:\users\artyr\onedrive\desktop\bos\bos4\bos4\debug\bos4.obj
c:\users\администратор\desktop\бос\bos4\debug\bos4.exe
c:\users\администратор\desktop\бос\bos4\debug\bos4.ilk
c:\users\администратор\desktop\бос\bos4\debug\bos4.pdb
c:\users\artyr\onedrive\desktop\bos\bos4\debug\bos4.ilk
c:\users\artyr\onedrive\desktop\bos\bos4\debug\bos4.exe
c:\users\artyr\onedrive\desktop\bos\bos4\debug\bos4.pdb
c:\users\dexp\desktop\bos\bos4\bos4\debug\bos4.obj
c:\users\dexp\desktop\bos\bos4\bos4\debug\pch.obj
c:\users\dexp\desktop\bos\bos4\bos4\debug\bos4.pch
c:\users\dexp\desktop\bos\bos4\bos4\debug\vc141.idb
c:\users\dexp\desktop\bos\bos4\bos4\debug\vc142.idb
c:\users\dexp\desktop\bos\bos4\bos4\debug\vc141.pdb
c:\users\dexp\desktop\bos\bos4\bos4\debug\vc142.pdb
c:\users\dexp\desktop\bos\bos4\debug\bos4.pdb
c:\users\dexp\desktop\bos\bos4\debug\bos4.exe
c:\users\dexp\desktop\bos\bos4\debug\bos4.ilk
c:\users\dexp\desktop\bos\bos4\bos4\debug\bos4.tlog\cl.command.1.tlog
c:\users\dexp\desktop\bos\bos4\bos4\debug\bos4.tlog\cl.read.1.tlog
c:\users\dexp\desktop\bos\bos4\bos4\debug\bos4.tlog\cl.write.1.tlog
c:\users\dexp\desktop\bos\bos4\bos4\debug\bos4.tlog\link.command.1.tlog
c:\users\dexp\desktop\bos\bos4\bos4\debug\bos4.tlog\link.read.1.tlog
c:\users\dexp\desktop\bos\bos4\bos4\debug\bos4.tlog\link.write.1.tlog
